<?xml version="1.0" encoding="UTF-8"?>
<!-- Generated by org.testng.reporters.JUnitReportReporter -->
<testsuite hostname="Vignesh" failures="0" tests="4" name="TestNG_Eg.DataProviders_eg" time="0.013" errors="0" timestamp="2022-10-16T19:36:36 IST" skipped="0">
  <testcase classname="TestNG_Eg.DataProviders_eg" name="sum" time="0.001"/>
  <system-out/>
  <testcase classname="TestNG_Eg.DataProviders_eg" name="sampletest" time="0.009"/>
  <system-out/>
  <testcase classname="TestNG_Eg.DataProviders_eg" name="sum" time="0.001"/>
  <system-out/>
  <testcase classname="TestNG_Eg.DataProviders_eg" name="sampletest" time="0.002"/>
  <system-out/>
</testsuite> <!-- TestNG_Eg.DataProviders_eg -->
