<?xml version="1.0" encoding="UTF-8"?>
<!-- Generated by org.testng.reporters.JUnitReportReporter -->
<testsuite hostname="Vignesh" failures="0" tests="2" name="TestNG_Eg.Annotations_Eg" time="0.034" errors="0" timestamp="2022-10-15T20:36:42 IST" skipped="0">
  <testcase classname="TestNG_Eg.Annotations_Eg" name="xyz" time="0.018"/>
  <system-out/>
  <testcase classname="TestNG_Eg.Annotations_Eg" name="abc" time="0.016"/>
  <system-out/>
</testsuite> <!-- TestNG_Eg.Annotations_Eg -->
