<?xml version="1.0" encoding="UTF-8"?>
<!-- Generated by org.testng.reporters.JUnitReportReporter -->
<testsuite hostname="Vignesh" failures="0" tests="5" name="TestNG_Eg.SeleniumEg" time="6.707" errors="0" timestamp="2022-10-15T21:48:17 IST" skipped="0">
  <testcase classname="TestNG_Eg.SeleniumEg" name="launchAmazon" time="2.270"/>
  <system-out/>
  <testcase classname="TestNG_Eg.SeleniumEg" name="launchBing" time="0.467"/>
  <system-out/>
  <testcase classname="TestNG_Eg.SeleniumEg" name="launchGoogle" time="1.192"/>
  <system-out/>
  <testcase classname="TestNG_Eg.SeleniumEg" name="launch" time="0.799"/>
  <system-out/>
  <testcase classname="TestNG_Eg.SeleniumEg" name="launchEbay" time="1.979"/>
  <system-out/>
</testsuite> <!-- TestNG_Eg.SeleniumEg -->
