<?xml version="1.0" encoding="UTF-8"?>
<!-- Generated by org.testng.reporters.JUnitReportReporter -->
<testsuite hostname="Vignesh" failures="0" tests="1" name="TestNG_Eg.PostReq_Eg" time="2.726" errors="0" timestamp="2022-11-05T21:30:39 IST" skipped="0">
  <testcase classname="TestNG_Eg.PostReq_Eg" name="postReq" time="2.726"/>
  <system-out/>
</testsuite> <!-- TestNG_Eg.PostReq_Eg -->
