<?xml version="1.0" encoding="UTF-8"?>
<!-- Generated by org.testng.reporters.JUnitReportReporter -->
<testsuite hostname="Vignesh" failures="0" tests="1" name="TestNG_Eg.Delete_Req" time="11.983" errors="0" timestamp="2022-11-05T21:37:09 IST" skipped="0">
  <testcase classname="TestNG_Eg.Delete_Req" name="getReq" time="11.983"/>
  <system-out/>
</testsuite> <!-- TestNG_Eg.Delete_Req -->
