<?xml version="1.0" encoding="UTF-8"?>
<!-- Generated by org.testng.reporters.JUnitReportReporter -->
<testsuite hostname="Vignesh" failures="0" tests="5" name="TestNG_Eg.depends_ongrps" time="6.779" errors="0" timestamp="2022-10-16T20:20:48 IST" skipped="0">
  <testcase classname="TestNG_Eg.depends_ongrps" name="launchAmazon" time="2.423"/>
  <system-out/>
  <testcase classname="TestNG_Eg.depends_ongrps" name="launchEbay" time="2.017"/>
  <system-out/>
  <testcase classname="TestNG_Eg.depends_ongrps" name="launch" time="0.761"/>
  <system-out/>
  <testcase classname="TestNG_Eg.depends_ongrps" name="launchGoogle" time="1.207"/>
  <system-out/>
  <testcase classname="TestNG_Eg.depends_ongrps" name="launchBing" time="0.371"/>
  <system-out/>
</testsuite> <!-- TestNG_Eg.depends_ongrps -->
