<?xml version="1.0" encoding="UTF-8"?>
<!-- Generated by org.testng.reporters.JUnitReportReporter -->
<testsuite hostname="Vignesh" failures="0" tests="1" name="TestNG_Eg.GetReq_Eg" time="3.586" errors="0" timestamp="2022-11-05T21:09:33 IST" skipped="0">
  <testcase classname="TestNG_Eg.GetReq_Eg" name="getReq" time="3.586"/>
  <system-out/>
</testsuite> <!-- TestNG_Eg.GetReq_Eg -->
