<?xml version="1.0" encoding="UTF-8"?>
<!-- Generated by org.testng.reporters.JUnitReportReporter -->
<testsuite hostname="Vignesh" failures="0" tests="1" name="TestNG_Eg.putReq_eg" time="9.891" errors="0" timestamp="2022-11-05T21:31:28 IST" skipped="0">
  <testcase classname="TestNG_Eg.putReq_eg" name="putReq" time="9.891"/>
  <system-out/>
</testsuite> <!-- TestNG_Eg.putReq_eg -->
