<?xml version="1.0" encoding="UTF-8"?>
<!-- Generated by org.testng.reporters.JUnitReportReporter -->
<testsuite hostname="Vignesh" failures="0" tests="5" name="TestNG_Eg.SeleniumEg" time="6.615" errors="0" timestamp="2022-10-16T20:20:48 IST" skipped="0">
  <testcase classname="TestNG_Eg.SeleniumEg" name="launchBing" time="0.444"/>
  <system-out/>
  <testcase classname="TestNG_Eg.SeleniumEg" name="launchGoogle" time="1.296"/>
  <system-out/>
  <testcase classname="TestNG_Eg.SeleniumEg" name="launchEbay" time="2.061"/>
  <system-out/>
  <testcase classname="TestNG_Eg.SeleniumEg" name="launch" time="0.724"/>
  <system-out/>
  <testcase classname="TestNG_Eg.SeleniumEg" name="launchAmazon" time="2.090"/>
  <system-out/>
</testsuite> <!-- TestNG_Eg.SeleniumEg -->
