<?xml version="1.0" encoding="UTF-8"?>
<!-- Generated by org.testng.reporters.JUnitReportReporter -->
<testsuite hostname="Vignesh" failures="0" tests="5" name="TestNG_Eg.Priority_Eg" time="7.273" errors="0" timestamp="2022-10-16T19:12:34 IST" skipped="0">
  <testcase classname="TestNG_Eg.Priority_Eg" name="Ebay" time="2.208"/>
  <system-out/>
  <testcase classname="TestNG_Eg.Priority_Eg" name="Google" time="2.253"/>
  <system-out/>
  <testcase classname="TestNG_Eg.Priority_Eg" name="Bing" time="0.367"/>
  <system-out/>
  <testcase classname="TestNG_Eg.Priority_Eg" name="Yahoo" time="0.963"/>
  <system-out/>
  <testcase classname="TestNG_Eg.Priority_Eg" name="Amazon" time="1.482"/>
  <system-out/>
</testsuite> <!-- TestNG_Eg.Priority_Eg -->
