<?xml version="1.0" encoding="UTF-8"?>
<!-- Generated by org.testng.reporters.JUnitReportReporter -->
<testsuite hostname="Vignesh" failures="0" tests="2" name="TestNG_Eg.FirstTestng" time="0.006" errors="0" timestamp="2022-10-15T20:36:42 IST" skipped="0">
  <testcase classname="TestNG_Eg.FirstTestng" name="firsttest" time="0.001"/>
  <system-out/>
  <testcase classname="TestNG_Eg.FirstTestng" name="helloWorld" time="0.005"/>
  <system-out/>
</testsuite> <!-- TestNG_Eg.FirstTestng -->
