<?xml version="1.0" encoding="UTF-8"?>
<!-- Generated by org.testng.reporters.JUnitReportReporter -->
<testsuite hostname="Vignesh" failures="0" tests="4" name="TestNG_Eg.Parameterization_Eg" time="0.015" errors="0" timestamp="2022-10-16T19:26:16 IST" skipped="0">
  <testcase classname="TestNG_Eg.Parameterization_Eg" name="diff" time="0.011"/>
  <system-out/>
  <testcase classname="TestNG_Eg.Parameterization_Eg" name="div" time="0.002"/>
  <system-out/>
  <testcase classname="TestNG_Eg.Parameterization_Eg" name="mul" time="0.001"/>
  <system-out/>
  <testcase classname="TestNG_Eg.Parameterization_Eg" name="sum" time="0.001"/>
  <system-out/>
</testsuite> <!-- TestNG_Eg.Parameterization_Eg -->
