<?xml version="1.0" encoding="UTF-8"?>
<!-- Generated by org.testng.reporters.JUnitReportReporter -->
<testsuite hostname="Vignesh" failures="0" tests="1" name="testcases.launchURL" time="7.163" errors="0" timestamp="2022-10-16T21:37:21 IST" skipped="0">
  <testcase classname="testcases.launchURL" name="urlTest" time="7.163"/>
  <system-out/>
</testsuite> <!-- testcases.launchURL -->
